{"/Users/lbradley/Documents/Projects/nodeapi/src/products/productRouter.js":{"path":"/Users/lbradley/Documents/Projects/nodeapi/src/products/productRouter.js","s":{"1":1,"2":1,"3":1,"4":1,"5":1,"6":1,"7":1,"8":1,"9":1},"b":{},"f":{},"fnMap":{},"statementMap":{"1":{"start":{"line":1,"column":0},"end":{"line":1,"column":42}},"2":{"start":{"line":2,"column":0},"end":{"line":2,"column":50}},"3":{"start":{"line":3,"column":0},"end":{"line":3,"column":57}},"4":{"start":{"line":5,"column":0},"end":{"line":6,"column":35}},"5":{"start":{"line":8,"column":0},"end":{"line":9,"column":36}},"6":{"start":{"line":11,"column":0},"end":{"line":12,"column":42}},"7":{"start":{"line":14,"column":0},"end":{"line":15,"column":45}},"8":{"start":{"line":17,"column":0},"end":{"line":18,"column":46}},"9":{"start":{"line":20,"column":0},"end":{"line":20,"column":31}}},"branchMap":{}},"/Users/lbradley/Documents/Projects/nodeapi/src/products/productModel.js":{"path":"/Users/lbradley/Documents/Projects/nodeapi/src/products/productModel.js","s":{"1":1,"2":1,"3":1,"4":1,"5":1},"b":{},"f":{},"fnMap":{},"statementMap":{"1":{"start":{"line":1,"column":0},"end":{"line":1,"column":37}},"2":{"start":{"line":2,"column":0},"end":{"line":2,"column":31}},"3":{"start":{"line":4,"column":0},"end":{"line":9,"column":3}},"4":{"start":{"line":11,"column":0},"end":{"line":11,"column":55}},"5":{"start":{"line":13,"column":0},"end":{"line":13,"column":25}}},"branchMap":{}},"/Users/lbradley/Documents/Projects/nodeapi/src/products/productController.js":{"path":"/Users/lbradley/Documents/Projects/nodeapi/src/products/productController.js","s":{"1":2,"2":2,"3":2,"4":1,"5":0,"6":0,"7":0,"8":0,"9":2,"10":0,"11":0,"12":0,"13":0,"14":0,"15":2,"16":0,"17":0,"18":0,"19":0,"20":2,"21":0,"22":0,"23":0,"24":0,"25":0,"26":2,"27":0,"28":0,"29":0,"30":0,"31":0,"32":2},"b":{"1":[0,0],"2":[0,0],"3":[0,0],"4":[0,0],"5":[0,0]},"f":{"1":1,"2":0,"3":0,"4":0,"5":0},"fnMap":{"1":{"name":"(anonymous_1)","line":4,"loc":{"start":{"line":4,"column":13},"end":{"line":4,"column":32}}},"2":{"name":"(anonymous_2)","line":16,"loc":{"start":{"line":16,"column":14},"end":{"line":16,"column":33}}},"3":{"name":"(anonymous_3)","line":28,"loc":{"start":{"line":28,"column":17},"end":{"line":28,"column":36}}},"4":{"name":"(anonymous_4)","line":35,"loc":{"start":{"line":35,"column":23},"end":{"line":35,"column":42}}},"5":{"name":"(anonymous_5)","line":43,"loc":{"start":{"line":43,"column":23},"end":{"line":43,"column":42}}}},"statementMap":{"1":{"start":{"line":1,"column":0},"end":{"line":1,"column":37}},"2":{"start":{"line":2,"column":0},"end":{"line":2,"column":42}},"3":{"start":{"line":4,"column":0},"end":{"line":14,"column":2}},"4":{"start":{"line":5,"column":4},"end":{"line":13,"column":7}},"5":{"start":{"line":6,"column":8},"end":{"line":12,"column":9}},"6":{"start":{"line":7,"column":12},"end":{"line":7,"column":29}},"7":{"start":{"line":8,"column":12},"end":{"line":8,"column":32}},"8":{"start":{"line":11,"column":12},"end":{"line":11,"column":43}},"9":{"start":{"line":16,"column":0},"end":{"line":26,"column":2}},"10":{"start":{"line":17,"column":4},"end":{"line":25,"column":7}},"11":{"start":{"line":18,"column":8},"end":{"line":24,"column":9}},"12":{"start":{"line":19,"column":12},"end":{"line":19,"column":29}},"13":{"start":{"line":20,"column":12},"end":{"line":20,"column":32}},"14":{"start":{"line":23,"column":12},"end":{"line":23,"column":43}},"15":{"start":{"line":28,"column":0},"end":{"line":33,"column":2}},"16":{"start":{"line":29,"column":4},"end":{"line":32,"column":7}},"17":{"start":{"line":30,"column":8},"end":{"line":30,"column":41}},"18":{"start":{"line":30,"column":17},"end":{"line":30,"column":41}},"19":{"start":{"line":31,"column":8},"end":{"line":31,"column":29}},"20":{"start":{"line":35,"column":0},"end":{"line":41,"column":2}},"21":{"start":{"line":36,"column":4},"end":{"line":40,"column":7}},"22":{"start":{"line":37,"column":8},"end":{"line":37,"column":33}},"23":{"start":{"line":37,"column":16},"end":{"line":37,"column":33}},"24":{"start":{"line":38,"column":8},"end":{"line":38,"column":42}},"25":{"start":{"line":39,"column":8},"end":{"line":39,"column":25}},"26":{"start":{"line":43,"column":0},"end":{"line":49,"column":2}},"27":{"start":{"line":44,"column":4},"end":{"line":44,"column":40}},"28":{"start":{"line":45,"column":4},"end":{"line":48,"column":7}},"29":{"start":{"line":46,"column":8},"end":{"line":46,"column":40}},"30":{"start":{"line":46,"column":16},"end":{"line":46,"column":40}},"31":{"start":{"line":47,"column":8},"end":{"line":47,"column":26}},"32":{"start":{"line":52,"column":0},"end":{"line":58,"column":1}}},"branchMap":{"1":{"line":6,"type":"if","locations":[{"start":{"line":6,"column":8},"end":{"line":6,"column":8}},{"start":{"line":6,"column":8},"end":{"line":6,"column":8}}]},"2":{"line":18,"type":"if","locations":[{"start":{"line":18,"column":8},"end":{"line":18,"column":8}},{"start":{"line":18,"column":8},"end":{"line":18,"column":8}}]},"3":{"line":30,"type":"if","locations":[{"start":{"line":30,"column":8},"end":{"line":30,"column":8}},{"start":{"line":30,"column":8},"end":{"line":30,"column":8}}]},"4":{"line":37,"type":"if","locations":[{"start":{"line":37,"column":8},"end":{"line":37,"column":8}},{"start":{"line":37,"column":8},"end":{"line":37,"column":8}}]},"5":{"line":46,"type":"if","locations":[{"start":{"line":46,"column":8},"end":{"line":46,"column":8}},{"start":{"line":46,"column":8},"end":{"line":46,"column":8}}]}}},"/Users/lbradley/Documents/Projects/nodeapi/src/app.js":{"path":"/Users/lbradley/Documents/Projects/nodeapi/src/app.js","s":{"1":0,"2":0,"3":0,"4":0,"5":0,"6":0,"7":0,"8":0,"9":0,"10":0,"11":0,"12":0,"13":0,"14":0,"15":0,"16":0,"17":0,"18":0,"19":0,"20":0},"b":{"1":[0,0]},"f":{},"fnMap":{},"statementMap":{"1":{"start":{"line":1,"column":0},"end":{"line":1,"column":27}},"2":{"start":{"line":2,"column":0},"end":{"line":2,"column":35}},"3":{"start":{"line":3,"column":0},"end":{"line":3,"column":22}},"4":{"start":{"line":4,"column":0},"end":{"line":4,"column":37}},"5":{"start":{"line":5,"column":0},"end":{"line":5,"column":42}},"6":{"start":{"line":6,"column":0},"end":{"line":6,"column":58}},"7":{"start":{"line":7,"column":0},"end":{"line":7,"column":56}},"8":{"start":{"line":8,"column":0},"end":{"line":8,"column":45}},"9":{"start":{"line":10,"column":0},"end":{"line":13,"column":3}},"10":{"start":{"line":11,"column":4},"end":{"line":11,"column":58}},"11":{"start":{"line":11,"column":12},"end":{"line":11,"column":58}},"12":{"start":{"line":12,"column":4},"end":{"line":12,"column":41}},"13":{"start":{"line":16,"column":0},"end":{"line":16,"column":27}},"14":{"start":{"line":17,"column":0},"end":{"line":17,"column":50}},"15":{"start":{"line":18,"column":0},"end":{"line":18,"column":36}},"16":{"start":{"line":19,"column":0},"end":{"line":19,"column":30}},"17":{"start":{"line":20,"column":0},"end":{"line":20,"column":27}},"18":{"start":{"line":22,"column":0},"end":{"line":24,"column":3}},"19":{"start":{"line":23,"column":4},"end":{"line":23,"column":42}},"20":{"start":{"line":26,"column":0},"end":{"line":26,"column":21}}},"branchMap":{"1":{"line":11,"type":"if","locations":[{"start":{"line":11,"column":4},"end":{"line":11,"column":4}},{"start":{"line":11,"column":4},"end":{"line":11,"column":4}}]}}},"/Users/lbradley/Documents/Projects/nodeapi/src/blogPost/blogPostModel.js":{"path":"/Users/lbradley/Documents/Projects/nodeapi/src/blogPost/blogPostModel.js","s":{"1":0,"2":0,"3":0,"4":0,"5":0},"b":{},"f":{},"fnMap":{},"statementMap":{"1":{"start":{"line":1,"column":0},"end":{"line":1,"column":37}},"2":{"start":{"line":2,"column":0},"end":{"line":2,"column":31}},"3":{"start":{"line":4,"column":0},"end":{"line":9,"column":3}},"4":{"start":{"line":11,"column":0},"end":{"line":11,"column":58}},"5":{"start":{"line":13,"column":0},"end":{"line":13,"column":26}}},"branchMap":{}},"/Users/lbradley/Documents/Projects/nodeapi/src/blogPost/blogPostRouter.js":{"path":"/Users/lbradley/Documents/Projects/nodeapi/src/blogPost/blogPostRouter.js","s":{"1":0,"2":0,"3":0,"4":0,"5":0,"6":0,"7":0,"8":0,"9":0,"10":0,"11":0,"12":0,"13":0},"b":{"1":[0,0],"2":[0,0]},"f":{},"fnMap":{},"statementMap":{"1":{"start":{"line":1,"column":0},"end":{"line":1,"column":44}},"2":{"start":{"line":2,"column":0},"end":{"line":2,"column":47}},"3":{"start":{"line":4,"column":0},"end":{"line":10,"column":7}},"4":{"start":{"line":6,"column":8},"end":{"line":9,"column":11}},"5":{"start":{"line":7,"column":12},"end":{"line":7,"column":37}},"6":{"start":{"line":7,"column":20},"end":{"line":7,"column":37}},"7":{"start":{"line":8,"column":12},"end":{"line":8,"column":28}},"8":{"start":{"line":12,"column":0},"end":{"line":18,"column":7}},"9":{"start":{"line":14,"column":8},"end":{"line":17,"column":11}},"10":{"start":{"line":15,"column":12},"end":{"line":15,"column":37}},"11":{"start":{"line":15,"column":20},"end":{"line":15,"column":37}},"12":{"start":{"line":16,"column":12},"end":{"line":16,"column":27}},"13":{"start":{"line":20,"column":0},"end":{"line":20,"column":28}}},"branchMap":{"1":{"line":7,"type":"if","locations":[{"start":{"line":7,"column":12},"end":{"line":7,"column":12}},{"start":{"line":7,"column":12},"end":{"line":7,"column":12}}]},"2":{"line":15,"type":"if","locations":[{"start":{"line":15,"column":12},"end":{"line":15,"column":12}},{"start":{"line":15,"column":12},"end":{"line":15,"column":12}}]}}},"/Users/lbradley/Documents/Projects/nodeapi/src/promises/promises.js":{"path":"/Users/lbradley/Documents/Projects/nodeapi/src/promises/promises.js","s":{"1":0,"2":0,"3":0,"4":0,"5":0,"6":0,"7":0,"8":0,"9":0},"b":{"1":[0,0]},"f":{},"fnMap":{},"statementMap":{"1":{"start":{"line":1,"column":0},"end":{"line":1,"column":29}},"2":{"start":{"line":3,"column":0},"end":{"line":11,"column":3}},"3":{"start":{"line":4,"column":4},"end":{"line":4,"column":32}},"4":{"start":{"line":5,"column":4},"end":{"line":10,"column":5}},"5":{"start":{"line":6,"column":8},"end":{"line":6,"column":29}},"6":{"start":{"line":9,"column":8},"end":{"line":9,"column":42}},"7":{"start":{"line":15,"column":0},"end":{"line":19,"column":3}},"8":{"start":{"line":16,"column":4},"end":{"line":16,"column":24}},"9":{"start":{"line":18,"column":4},"end":{"line":18,"column":21}}},"branchMap":{"1":{"line":5,"type":"if","locations":[{"start":{"line":5,"column":4},"end":{"line":5,"column":4}},{"start":{"line":5,"column":4},"end":{"line":5,"column":4}}]}}},"/Users/lbradley/Documents/Projects/nodeapi/src/tfl/tflController.js":{"path":"/Users/lbradley/Documents/Projects/nodeapi/src/tfl/tflController.js","s":{"1":0,"2":0,"3":0,"4":0,"5":0,"6":0,"7":0,"8":0,"9":0,"10":0,"11":0,"12":0,"13":0,"14":0,"15":0,"16":0,"17":0,"18":0,"19":0,"20":0,"21":0,"22":0,"23":0,"24":0,"25":0,"26":0,"27":0,"28":0,"29":0,"30":0,"31":0,"32":0},"b":{"1":[0,0],"2":[0,0],"3":[0,0],"4":[0,0]},"f":{"1":0,"2":0,"3":0,"4":0,"5":0,"6":0,"7":0},"fnMap":{"1":{"name":"(anonymous_1)","line":9,"loc":{"start":{"line":9,"column":15},"end":{"line":9,"column":34}}},"2":{"name":"(anonymous_2)","line":13,"loc":{"start":{"line":13,"column":22},"end":{"line":13,"column":41}}},"3":{"name":"(anonymous_3)","line":16,"loc":{"start":{"line":16,"column":17},"end":{"line":16,"column":49}}},"4":{"name":"(anonymous_4)","line":25,"loc":{"start":{"line":25,"column":17},"end":{"line":25,"column":36}}},"5":{"name":"(anonymous_5)","line":27,"loc":{"start":{"line":27,"column":17},"end":{"line":27,"column":48}}},"6":{"name":"(anonymous_6)","line":34,"loc":{"start":{"line":34,"column":14},"end":{"line":34,"column":33}}},"7":{"name":"(anonymous_7)","line":35,"loc":{"start":{"line":35,"column":68},"end":{"line":35,"column":101}}}},"statementMap":{"1":{"start":{"line":1,"column":0},"end":{"line":1,"column":35}},"2":{"start":{"line":2,"column":0},"end":{"line":2,"column":37}},"3":{"start":{"line":3,"column":0},"end":{"line":3,"column":35}},"4":{"start":{"line":5,"column":0},"end":{"line":7,"column":2}},"5":{"start":{"line":6,"column":4},"end":{"line":6,"column":54}},"6":{"start":{"line":9,"column":0},"end":{"line":11,"column":2}},"7":{"start":{"line":10,"column":4},"end":{"line":10,"column":31}},"8":{"start":{"line":13,"column":0},"end":{"line":23,"column":2}},"9":{"start":{"line":14,"column":4},"end":{"line":14,"column":27}},"10":{"start":{"line":15,"column":4},"end":{"line":15,"column":112}},"11":{"start":{"line":16,"column":4},"end":{"line":22,"column":6}},"12":{"start":{"line":17,"column":8},"end":{"line":17,"column":48}},"13":{"start":{"line":17,"column":18},"end":{"line":17,"column":48}},"14":{"start":{"line":18,"column":8},"end":{"line":18,"column":38}},"15":{"start":{"line":19,"column":8},"end":{"line":19,"column":17}},"16":{"start":{"line":20,"column":8},"end":{"line":20,"column":61}},"17":{"start":{"line":20,"column":37},"end":{"line":20,"column":61}},"18":{"start":{"line":21,"column":8},"end":{"line":21,"column":35}},"19":{"start":{"line":25,"column":0},"end":{"line":32,"column":2}},"20":{"start":{"line":26,"column":4},"end":{"line":26,"column":49}},"21":{"start":{"line":27,"column":4},"end":{"line":31,"column":7}},"22":{"start":{"line":28,"column":8},"end":{"line":28,"column":48}},"23":{"start":{"line":28,"column":18},"end":{"line":28,"column":48}},"24":{"start":{"line":29,"column":8},"end":{"line":29,"column":38}},"25":{"start":{"line":30,"column":8},"end":{"line":30,"column":20}},"26":{"start":{"line":34,"column":0},"end":{"line":40,"column":3}},"27":{"start":{"line":35,"column":4},"end":{"line":40,"column":1}},"28":{"start":{"line":36,"column":8},"end":{"line":36,"column":49}},"29":{"start":{"line":36,"column":19},"end":{"line":36,"column":49}},"30":{"start":{"line":37,"column":8},"end":{"line":37,"column":32}},"31":{"start":{"line":38,"column":8},"end":{"line":38,"column":35}},"32":{"start":{"line":42,"column":0},"end":{"line":47,"column":1}}},"branchMap":{"1":{"line":17,"type":"if","locations":[{"start":{"line":17,"column":8},"end":{"line":17,"column":8}},{"start":{"line":17,"column":8},"end":{"line":17,"column":8}}]},"2":{"line":20,"type":"if","locations":[{"start":{"line":20,"column":8},"end":{"line":20,"column":8}},{"start":{"line":20,"column":8},"end":{"line":20,"column":8}}]},"3":{"line":28,"type":"if","locations":[{"start":{"line":28,"column":8},"end":{"line":28,"column":8}},{"start":{"line":28,"column":8},"end":{"line":28,"column":8}}]},"4":{"line":36,"type":"if","locations":[{"start":{"line":36,"column":8},"end":{"line":36,"column":8}},{"start":{"line":36,"column":8},"end":{"line":36,"column":8}}]}}},"/Users/lbradley/Documents/Projects/nodeapi/src/tfl/tflRouter.js":{"path":"/Users/lbradley/Documents/Projects/nodeapi/src/tfl/tflRouter.js","s":{"1":0,"2":0,"3":0,"4":0,"5":0,"6":0,"7":0},"b":{},"f":{},"fnMap":{},"statementMap":{"1":{"start":{"line":1,"column":0},"end":{"line":1,"column":46}},"2":{"start":{"line":2,"column":0},"end":{"line":2,"column":49}},"3":{"start":{"line":4,"column":0},"end":{"line":5,"column":33}},"4":{"start":{"line":7,"column":0},"end":{"line":8,"column":40}},"5":{"start":{"line":10,"column":0},"end":{"line":11,"column":35}},"6":{"start":{"line":13,"column":0},"end":{"line":14,"column":32}},"7":{"start":{"line":16,"column":0},"end":{"line":16,"column":27}}},"branchMap":{}}}